0 info it worked if it ends with ok
1 verbose cli [ '/usr/local/bin/node',
1 verbose cli   '/usr/local/bin/npm',
1 verbose cli   'install',
1 verbose cli   '—',
1 verbose cli   'save',
1 verbose cli   '@angular2-material/core',
1 verbose cli   '@angular2-material/button',
1 verbose cli   '@angular2-material/card',
1 verbose cli   '@angular2-material/icon' ]
2 info using npm@3.10.9
3 info using node@v7.2.0
4 error arg Argument starts with non-ascii dash, this is probably invalid: [ '—',
4 error arg   'save',
4 error arg   '@angular2-material/core',
4 error arg   '@angular2-material/button',
4 error arg   '@angular2-material/card',
4 error arg   '@angular2-material/icon' ]
5 silly loadCurrentTree Starting
6 silly install loadCurrentTree
7 silly install readLocalPackageData
8 silly fetchPackageMetaData —
9 silly fetchPackageMetaData save
10 silly fetchPackageMetaData @angular2-material/core
11 silly fetchPackageMetaData @angular2-material/button
12 silly fetchPackageMetaData @angular2-material/card
13 silly fetchPackageMetaData @angular2-material/icon
14 silly fetchOtherPackageData —
15 silly cache add args [ '—', null ]
16 verbose cache add spec —
17 silly fetchNamedPackageData save
18 silly mapToRegistry name save
19 silly mapToRegistry using default registry
20 silly mapToRegistry registry https://registry.npmjs.org/
21 silly mapToRegistry data Result {
21 silly mapToRegistry   raw: 'save',
21 silly mapToRegistry   scope: null,
21 silly mapToRegistry   escapedName: 'save',
21 silly mapToRegistry   name: 'save',
21 silly mapToRegistry   rawSpec: '',
21 silly mapToRegistry   spec: 'latest',
21 silly mapToRegistry   type: 'tag' }
22 silly mapToRegistry uri https://registry.npmjs.org/save
23 silly fetchNamedPackageData @angular2-material/core
24 silly mapToRegistry name @angular2-material/core
25 silly mapToRegistry scope (from package name) @angular2-material
26 verbose mapToRegistry no registry URL found in name for scope @angular2-material
27 silly mapToRegistry using default registry
28 silly mapToRegistry registry https://registry.npmjs.org/
29 silly mapToRegistry data Result {
29 silly mapToRegistry   raw: '@angular2-material/core',
29 silly mapToRegistry   scope: '@angular2-material',
29 silly mapToRegistry   escapedName: '@angular2-material%2fcore',
29 silly mapToRegistry   name: '@angular2-material/core',
29 silly mapToRegistry   rawSpec: '',
29 silly mapToRegistry   spec: 'latest',
29 silly mapToRegistry   type: 'tag' }
30 silly mapToRegistry uri https://registry.npmjs.org/@angular2-material%2fcore
31 silly fetchNamedPackageData @angular2-material/button
32 silly mapToRegistry name @angular2-material/button
33 silly mapToRegistry scope (from package name) @angular2-material
34 verbose mapToRegistry no registry URL found in name for scope @angular2-material
35 silly mapToRegistry using default registry
36 silly mapToRegistry registry https://registry.npmjs.org/
37 silly mapToRegistry data Result {
37 silly mapToRegistry   raw: '@angular2-material/button',
37 silly mapToRegistry   scope: '@angular2-material',
37 silly mapToRegistry   escapedName: '@angular2-material%2fbutton',
37 silly mapToRegistry   name: '@angular2-material/button',
37 silly mapToRegistry   rawSpec: '',
37 silly mapToRegistry   spec: 'latest',
37 silly mapToRegistry   type: 'tag' }
38 silly mapToRegistry uri https://registry.npmjs.org/@angular2-material%2fbutton
39 silly fetchNamedPackageData @angular2-material/card
40 silly mapToRegistry name @angular2-material/card
41 silly mapToRegistry scope (from package name) @angular2-material
42 verbose mapToRegistry no registry URL found in name for scope @angular2-material
43 silly mapToRegistry using default registry
44 silly mapToRegistry registry https://registry.npmjs.org/
45 silly mapToRegistry data Result {
45 silly mapToRegistry   raw: '@angular2-material/card',
45 silly mapToRegistry   scope: '@angular2-material',
45 silly mapToRegistry   escapedName: '@angular2-material%2fcard',
45 silly mapToRegistry   name: '@angular2-material/card',
45 silly mapToRegistry   rawSpec: '',
45 silly mapToRegistry   spec: 'latest',
45 silly mapToRegistry   type: 'tag' }
46 silly mapToRegistry uri https://registry.npmjs.org/@angular2-material%2fcard
47 silly fetchNamedPackageData @angular2-material/icon
48 silly mapToRegistry name @angular2-material/icon
49 silly mapToRegistry scope (from package name) @angular2-material
50 verbose mapToRegistry no registry URL found in name for scope @angular2-material
51 silly mapToRegistry using default registry
52 silly mapToRegistry registry https://registry.npmjs.org/
53 silly mapToRegistry data Result {
53 silly mapToRegistry   raw: '@angular2-material/icon',
53 silly mapToRegistry   scope: '@angular2-material',
53 silly mapToRegistry   escapedName: '@angular2-material%2ficon',
53 silly mapToRegistry   name: '@angular2-material/icon',
53 silly mapToRegistry   rawSpec: '',
53 silly mapToRegistry   spec: 'latest',
53 silly mapToRegistry   type: 'tag' }
54 silly mapToRegistry uri https://registry.npmjs.org/@angular2-material%2ficon
55 silly cache add parsed spec Result {
55 silly cache add   raw: '—',
55 silly cache add   scope: null,
55 silly cache add   escapedName: null,
55 silly cache add   name: null,
55 silly cache add   rawSpec: '—',
55 silly cache add   spec: '/var/www/Angular2/—',
55 silly cache add   type: 'local' }
56 verbose request uri https://registry.npmjs.org/save
57 verbose request no auth needed
58 info attempt registry request try #1 at 00:03:23
59 verbose request id 20f5c32db731ad2a
60 http request GET https://registry.npmjs.org/save
61 verbose request uri https://registry.npmjs.org/@angular2-material%2fcore
62 verbose request no auth needed
63 info attempt registry request try #1 at 00:03:23
64 http request GET https://registry.npmjs.org/@angular2-material%2fcore
65 verbose request uri https://registry.npmjs.org/@angular2-material%2fbutton
66 verbose request no auth needed
67 info attempt registry request try #1 at 00:03:23
68 http request GET https://registry.npmjs.org/@angular2-material%2fbutton
69 verbose request uri https://registry.npmjs.org/@angular2-material%2fcard
70 verbose request no auth needed
71 info attempt registry request try #1 at 00:03:23
72 http request GET https://registry.npmjs.org/@angular2-material%2fcard
73 verbose request uri https://registry.npmjs.org/@angular2-material%2ficon
74 verbose request no auth needed
75 info attempt registry request try #1 at 00:03:23
76 http request GET https://registry.npmjs.org/@angular2-material%2ficon
77 info retry will retry, error on last attempt: TypeError: The header content contains invalid characters
78 info retry will retry, error on last attempt: TypeError: The header content contains invalid characters
79 info retry will retry, error on last attempt: TypeError: The header content contains invalid characters
80 info retry will retry, error on last attempt: TypeError: The header content contains invalid characters
81 info retry will retry, error on last attempt: TypeError: The header content contains invalid characters
82 error addLocal Could not install /var/www/Angular2/—
83 silly fetchPackageMetaData Error: ENOENT: no such file or directory, open '/var/www/Angular2/—'
83 silly fetchPackageMetaData  error for — { Error: ENOENT: no such file or directory, open '/var/www/Angular2/—'
83 silly fetchPackageMetaData   errno: -2,
83 silly fetchPackageMetaData   code: 'ENOENT',
83 silly fetchPackageMetaData   syscall: 'open',
83 silly fetchPackageMetaData   path: '/var/www/Angular2/—' }
84 info attempt registry request try #2 at 00:03:33
85 http request GET https://registry.npmjs.org/save
86 info attempt registry request try #2 at 00:03:33
87 http request GET https://registry.npmjs.org/@angular2-material%2fcore
88 info attempt registry request try #2 at 00:03:33
89 http request GET https://registry.npmjs.org/@angular2-material%2fbutton
90 info attempt registry request try #2 at 00:03:33
91 http request GET https://registry.npmjs.org/@angular2-material%2fcard
92 info attempt registry request try #2 at 00:03:33
93 http request GET https://registry.npmjs.org/@angular2-material%2ficon
94 info retry will retry, error on last attempt: TypeError: The header content contains invalid characters
95 info retry will retry, error on last attempt: TypeError: The header content contains invalid characters
96 info retry will retry, error on last attempt: TypeError: The header content contains invalid characters
97 info retry will retry, error on last attempt: TypeError: The header content contains invalid characters
98 info retry will retry, error on last attempt: TypeError: The header content contains invalid characters
99 info attempt registry request try #3 at 00:04:33
100 http request GET https://registry.npmjs.org/save
101 silly fetchPackageMetaData TypeError: The header content contains invalid characters
101 silly fetchPackageMetaData     at ClientRequest.setHeader (_http_outgoing.js:362:11)
101 silly fetchPackageMetaData     at new ClientRequest (_http_client.js:85:14)
101 silly fetchPackageMetaData     at Object.request (http.js:26:10)
101 silly fetchPackageMetaData     at Object.exports.request (https.js:199:15)
101 silly fetchPackageMetaData     at Request.start (/usr/local/lib/node_modules/npm/node_modules/request/request.js:740:32)
101 silly fetchPackageMetaData     at Request.end (/usr/local/lib/node_modules/npm/node_modules/request/request.js:1398:10)
101 silly fetchPackageMetaData     at end (/usr/local/lib/node_modules/npm/node_modules/request/request.js:567:14)
101 silly fetchPackageMetaData     at Immediate.<anonymous> (/usr/local/lib/node_modules/npm/node_modules/request/request.js:581:7)
101 silly fetchPackageMetaData     at runCallback (timers.js:649:20)
101 silly fetchPackageMetaData     at tryOnImmediate (timers.js:622:5)
101 silly fetchPackageMetaData  error for save TypeError: The header content contains invalid characters
101 silly fetchPackageMetaData     at ClientRequest.setHeader (_http_outgoing.js:362:11)
101 silly fetchPackageMetaData     at new ClientRequest (_http_client.js:85:14)
101 silly fetchPackageMetaData     at Object.request (http.js:26:10)
101 silly fetchPackageMetaData     at Object.exports.request (https.js:199:15)
101 silly fetchPackageMetaData     at Request.start (/usr/local/lib/node_modules/npm/node_modules/request/request.js:740:32)
101 silly fetchPackageMetaData     at Request.end (/usr/local/lib/node_modules/npm/node_modules/request/request.js:1398:10)
101 silly fetchPackageMetaData     at end (/usr/local/lib/node_modules/npm/node_modules/request/request.js:567:14)
101 silly fetchPackageMetaData     at Immediate.<anonymous> (/usr/local/lib/node_modules/npm/node_modules/request/request.js:581:7)
101 silly fetchPackageMetaData     at runCallback (timers.js:649:20)
101 silly fetchPackageMetaData     at tryOnImmediate (timers.js:622:5)
102 info attempt registry request try #3 at 00:04:33
103 http request GET https://registry.npmjs.org/@angular2-material%2fcore
104 info attempt registry request try #3 at 00:04:33
105 http request GET https://registry.npmjs.org/@angular2-material%2fbutton
106 info attempt registry request try #3 at 00:04:33
107 http request GET https://registry.npmjs.org/@angular2-material%2fcard
108 info attempt registry request try #3 at 00:04:33
109 http request GET https://registry.npmjs.org/@angular2-material%2ficon
110 silly fetchPackageMetaData TypeError: The header content contains invalid characters
110 silly fetchPackageMetaData     at ClientRequest.setHeader (_http_outgoing.js:362:11)
110 silly fetchPackageMetaData     at new ClientRequest (_http_client.js:85:14)
110 silly fetchPackageMetaData     at Object.request (http.js:26:10)
110 silly fetchPackageMetaData     at Object.exports.request (https.js:199:15)
110 silly fetchPackageMetaData     at Request.start (/usr/local/lib/node_modules/npm/node_modules/request/request.js:740:32)
110 silly fetchPackageMetaData     at Request.end (/usr/local/lib/node_modules/npm/node_modules/request/request.js:1398:10)
110 silly fetchPackageMetaData     at end (/usr/local/lib/node_modules/npm/node_modules/request/request.js:567:14)
110 silly fetchPackageMetaData     at Immediate.<anonymous> (/usr/local/lib/node_modules/npm/node_modules/request/request.js:581:7)
110 silly fetchPackageMetaData     at runCallback (timers.js:649:20)
110 silly fetchPackageMetaData     at tryOnImmediate (timers.js:622:5)
110 silly fetchPackageMetaData  error for @angular2-material/core TypeError: The header content contains invalid characters
110 silly fetchPackageMetaData     at ClientRequest.setHeader (_http_outgoing.js:362:11)
110 silly fetchPackageMetaData     at new ClientRequest (_http_client.js:85:14)
110 silly fetchPackageMetaData     at Object.request (http.js:26:10)
110 silly fetchPackageMetaData     at Object.exports.request (https.js:199:15)
110 silly fetchPackageMetaData     at Request.start (/usr/local/lib/node_modules/npm/node_modules/request/request.js:740:32)
110 silly fetchPackageMetaData     at Request.end (/usr/local/lib/node_modules/npm/node_modules/request/request.js:1398:10)
110 silly fetchPackageMetaData     at end (/usr/local/lib/node_modules/npm/node_modules/request/request.js:567:14)
110 silly fetchPackageMetaData     at Immediate.<anonymous> (/usr/local/lib/node_modules/npm/node_modules/request/request.js:581:7)
110 silly fetchPackageMetaData     at runCallback (timers.js:649:20)
110 silly fetchPackageMetaData     at tryOnImmediate (timers.js:622:5)
111 silly fetchPackageMetaData TypeError: The header content contains invalid characters
111 silly fetchPackageMetaData     at ClientRequest.setHeader (_http_outgoing.js:362:11)
111 silly fetchPackageMetaData     at new ClientRequest (_http_client.js:85:14)
111 silly fetchPackageMetaData     at Object.request (http.js:26:10)
111 silly fetchPackageMetaData     at Object.exports.request (https.js:199:15)
111 silly fetchPackageMetaData     at Request.start (/usr/local/lib/node_modules/npm/node_modules/request/request.js:740:32)
111 silly fetchPackageMetaData     at Request.end (/usr/local/lib/node_modules/npm/node_modules/request/request.js:1398:10)
111 silly fetchPackageMetaData     at end (/usr/local/lib/node_modules/npm/node_modules/request/request.js:567:14)
111 silly fetchPackageMetaData     at Immediate.<anonymous> (/usr/local/lib/node_modules/npm/node_modules/request/request.js:581:7)
111 silly fetchPackageMetaData     at runCallback (timers.js:649:20)
111 silly fetchPackageMetaData     at tryOnImmediate (timers.js:622:5)
111 silly fetchPackageMetaData  error for @angular2-material/button TypeError: The header content contains invalid characters
111 silly fetchPackageMetaData     at ClientRequest.setHeader (_http_outgoing.js:362:11)
111 silly fetchPackageMetaData     at new ClientRequest (_http_client.js:85:14)
111 silly fetchPackageMetaData     at Object.request (http.js:26:10)
111 silly fetchPackageMetaData     at Object.exports.request (https.js:199:15)
111 silly fetchPackageMetaData     at Request.start (/usr/local/lib/node_modules/npm/node_modules/request/request.js:740:32)
111 silly fetchPackageMetaData     at Request.end (/usr/local/lib/node_modules/npm/node_modules/request/request.js:1398:10)
111 silly fetchPackageMetaData     at end (/usr/local/lib/node_modules/npm/node_modules/request/request.js:567:14)
111 silly fetchPackageMetaData     at Immediate.<anonymous> (/usr/local/lib/node_modules/npm/node_modules/request/request.js:581:7)
111 silly fetchPackageMetaData     at runCallback (timers.js:649:20)
111 silly fetchPackageMetaData     at tryOnImmediate (timers.js:622:5)
112 silly fetchPackageMetaData TypeError: The header content contains invalid characters
112 silly fetchPackageMetaData     at ClientRequest.setHeader (_http_outgoing.js:362:11)
112 silly fetchPackageMetaData     at new ClientRequest (_http_client.js:85:14)
112 silly fetchPackageMetaData     at Object.request (http.js:26:10)
112 silly fetchPackageMetaData     at Object.exports.request (https.js:199:15)
112 silly fetchPackageMetaData     at Request.start (/usr/local/lib/node_modules/npm/node_modules/request/request.js:740:32)
112 silly fetchPackageMetaData     at Request.end (/usr/local/lib/node_modules/npm/node_modules/request/request.js:1398:10)
112 silly fetchPackageMetaData     at end (/usr/local/lib/node_modules/npm/node_modules/request/request.js:567:14)
112 silly fetchPackageMetaData     at Immediate.<anonymous> (/usr/local/lib/node_modules/npm/node_modules/request/request.js:581:7)
112 silly fetchPackageMetaData     at runCallback (timers.js:649:20)
112 silly fetchPackageMetaData     at tryOnImmediate (timers.js:622:5)
112 silly fetchPackageMetaData  error for @angular2-material/card TypeError: The header content contains invalid characters
112 silly fetchPackageMetaData     at ClientRequest.setHeader (_http_outgoing.js:362:11)
112 silly fetchPackageMetaData     at new ClientRequest (_http_client.js:85:14)
112 silly fetchPackageMetaData     at Object.request (http.js:26:10)
112 silly fetchPackageMetaData     at Object.exports.request (https.js:199:15)
112 silly fetchPackageMetaData     at Request.start (/usr/local/lib/node_modules/npm/node_modules/request/request.js:740:32)
112 silly fetchPackageMetaData     at Request.end (/usr/local/lib/node_modules/npm/node_modules/request/request.js:1398:10)
112 silly fetchPackageMetaData     at end (/usr/local/lib/node_modules/npm/node_modules/request/request.js:567:14)
112 silly fetchPackageMetaData     at Immediate.<anonymous> (/usr/local/lib/node_modules/npm/node_modules/request/request.js:581:7)
112 silly fetchPackageMetaData     at runCallback (timers.js:649:20)
112 silly fetchPackageMetaData     at tryOnImmediate (timers.js:622:5)
113 silly fetchPackageMetaData TypeError: The header content contains invalid characters
113 silly fetchPackageMetaData     at ClientRequest.setHeader (_http_outgoing.js:362:11)
113 silly fetchPackageMetaData     at new ClientRequest (_http_client.js:85:14)
113 silly fetchPackageMetaData     at Object.request (http.js:26:10)
113 silly fetchPackageMetaData     at Object.exports.request (https.js:199:15)
113 silly fetchPackageMetaData     at Request.start (/usr/local/lib/node_modules/npm/node_modules/request/request.js:740:32)
113 silly fetchPackageMetaData     at Request.end (/usr/local/lib/node_modules/npm/node_modules/request/request.js:1398:10)
113 silly fetchPackageMetaData     at end (/usr/local/lib/node_modules/npm/node_modules/request/request.js:567:14)
113 silly fetchPackageMetaData     at Immediate.<anonymous> (/usr/local/lib/node_modules/npm/node_modules/request/request.js:581:7)
113 silly fetchPackageMetaData     at runCallback (timers.js:649:20)
113 silly fetchPackageMetaData     at tryOnImmediate (timers.js:622:5)
113 silly fetchPackageMetaData  error for @angular2-material/icon TypeError: The header content contains invalid characters
113 silly fetchPackageMetaData     at ClientRequest.setHeader (_http_outgoing.js:362:11)
113 silly fetchPackageMetaData     at new ClientRequest (_http_client.js:85:14)
113 silly fetchPackageMetaData     at Object.request (http.js:26:10)
113 silly fetchPackageMetaData     at Object.exports.request (https.js:199:15)
113 silly fetchPackageMetaData     at Request.start (/usr/local/lib/node_modules/npm/node_modules/request/request.js:740:32)
113 silly fetchPackageMetaData     at Request.end (/usr/local/lib/node_modules/npm/node_modules/request/request.js:1398:10)
113 silly fetchPackageMetaData     at end (/usr/local/lib/node_modules/npm/node_modules/request/request.js:567:14)
113 silly fetchPackageMetaData     at Immediate.<anonymous> (/usr/local/lib/node_modules/npm/node_modules/request/request.js:581:7)
113 silly fetchPackageMetaData     at runCallback (timers.js:649:20)
113 silly fetchPackageMetaData     at tryOnImmediate (timers.js:622:5)
114 silly rollbackFailedOptional Starting
115 silly rollbackFailedOptional Finishing
116 silly runTopLevelLifecycles Finishing
117 silly install printInstalled
118 verbose stack Error: ENOENT: no such file or directory, open '/var/www/Angular2/—'
119 verbose cwd /var/www/Angular2
120 error Linux 3.13.0-43-generic
121 error argv "/usr/local/bin/node" "/usr/local/bin/npm" "install" "—" "save" "@angular2-material/core" "@angular2-material/button" "@angular2-material/card" "@angular2-material/icon"
122 error node v7.2.0
123 error npm  v3.10.9
124 error path /var/www/Angular2/—
125 error code ENOENT
126 error errno -2
127 error syscall open
128 error enoent ENOENT: no such file or directory, open '/var/www/Angular2/—'
129 error enoent ENOENT: no such file or directory, open '/var/www/Angular2/—'
129 error enoent This is most likely not a problem with npm itself
129 error enoent and is related to npm not being able to find a file.
130 verbose exit [ -2, true ]
